<?xml version="1.0" encoding="UTF-8"?>
<testng-results ignored="0" total="3" passed="2" failed="1" skipped="0">
  <reporter-output>
  </reporter-output>
  <suite started-at="2021-02-25T11:49:44 IST" name="Default suite" finished-at="2021-02-25T11:49:45 IST" duration-ms="93">
    <groups>
    </groups>
    <test started-at="2021-02-25T11:49:44 IST" name="Default test" finished-at="2021-02-25T11:49:45 IST" duration-ms="93">
      <class name="ad.testCalculator">
        <test-method is-config="true" signature="setup()[pri:0, instance:ad.testCalculator@2133814f]" started-at="2021-02-25T11:49:44 IST" name="setup" finished-at="2021-02-25T11:49:44 IST" duration-ms="12" status="PASS">
          <reporter-output>
          </reporter-output>
        </test-method> <!-- setup -->
        <test-method signature="emptyStringAnswerNull()[pri:0, instance:ad.testCalculator@2133814f]" started-at="2021-02-25T11:49:45 IST" name="emptyStringAnswerNull" finished-at="2021-02-25T11:49:45 IST" duration-ms="14" status="PASS">
          <reporter-output>
          </reporter-output>
        </test-method> <!-- emptyStringAnswerNull -->
        <test-method signature="singleValuedAnswer()[pri:0, instance:ad.testCalculator@2133814f]" started-at="2021-02-25T11:49:45 IST" name="singleValuedAnswer" finished-at="2021-02-25T11:49:45 IST" duration-ms="6" status="FAIL">
          <exception class="java.lang.ArrayIndexOutOfBoundsException">
            <message>
              <![CDATA[Index 1 out of bounds for length 1]]>
            </message>
            <full-stacktrace>
              <![CDATA[java.lang.ArrayIndexOutOfBoundsException: Index 1 out of bounds for length 1
at ad.Calculator.add(Calculator.java:11)
at ad.testCalculator.singleValuedAnswer(testCalculator.java:22)
at java.base/jdk.internal.reflect.NativeMethodAccessorImpl.invoke0(Native Method)
at java.base/jdk.internal.reflect.NativeMethodAccessorImpl.invoke(NativeMethodAccessorImpl.java:62)
at java.base/jdk.internal.reflect.DelegatingMethodAccessorImpl.invoke(DelegatingMethodAccessorImpl.java:43)
at java.base/java.lang.reflect.Method.invoke(Method.java:567)
at org.testng.internal.MethodInvocationHelper.invokeMethod(MethodInvocationHelper.java:132)
at org.testng.internal.TestInvoker.invokeMethod(TestInvoker.java:599)
at org.testng.internal.TestInvoker.invokeTestMethod(TestInvoker.java:174)
at org.testng.internal.MethodRunner.runInSequence(MethodRunner.java:46)
at org.testng.internal.TestInvoker$MethodInvocationAgent.invoke(TestInvoker.java:822)
at org.testng.internal.TestInvoker.invokeTestMethods(TestInvoker.java:147)
at org.testng.internal.TestMethodWorker.invokeTestMethods(TestMethodWorker.java:146)
at org.testng.internal.TestMethodWorker.run(TestMethodWorker.java:128)
at java.base/java.util.ArrayList.forEach(ArrayList.java:1507)
at org.testng.TestRunner.privateRun(TestRunner.java:764)
at org.testng.TestRunner.run(TestRunner.java:585)
at org.testng.SuiteRunner.runTest(SuiteRunner.java:384)
at org.testng.SuiteRunner.runSequentially(SuiteRunner.java:378)
at org.testng.SuiteRunner.privateRun(SuiteRunner.java:337)
at org.testng.SuiteRunner.run(SuiteRunner.java:286)
at org.testng.SuiteRunnerWorker.runSuite(SuiteRunnerWorker.java:53)
at org.testng.SuiteRunnerWorker.run(SuiteRunnerWorker.java:96)
at org.testng.TestNG.runSuitesSequentially(TestNG.java:1218)
at org.testng.TestNG.runSuitesLocally(TestNG.java:1140)
at org.testng.TestNG.runSuites(TestNG.java:1069)
at org.testng.TestNG.run(TestNG.java:1037)
at org.testng.remote.AbstractRemoteTestNG.run(AbstractRemoteTestNG.java:115)
at org.testng.remote.RemoteTestNG.initAndRun(RemoteTestNG.java:251)
at org.testng.remote.RemoteTestNG.main(RemoteTestNG.java:77)
]]>
            </full-stacktrace>
          </exception> <!-- java.lang.ArrayIndexOutOfBoundsException -->
          <reporter-output>
          </reporter-output>
        </test-method> <!-- singleValuedAnswer -->
        <test-method signature="twoValueCommaDelimiterAnswer()[pri:0, instance:ad.testCalculator@2133814f]" started-at="2021-02-25T11:49:45 IST" name="twoValueCommaDelimiterAnswer" finished-at="2021-02-25T11:49:45 IST" duration-ms="2" status="PASS">
          <reporter-output>
          </reporter-output>
        </test-method> <!-- twoValueCommaDelimiterAnswer -->
      </class> <!-- ad.testCalculator -->
    </test> <!-- Default test -->
  </suite> <!-- Default suite -->
</testng-results>
