<?xml version="1.0" encoding="UTF-8"?>
<testng-results ignored="0" total="1" passed="1" failed="0" skipped="0">
  <reporter-output>
  </reporter-output>
  <suite started-at="2021-02-24T23:08:29 IST" name="Default suite" finished-at="2021-02-24T23:08:29 IST" duration-ms="46">
    <groups>
    </groups>
    <test started-at="2021-02-24T23:08:29 IST" name="Default test" finished-at="2021-02-24T23:08:29 IST" duration-ms="46">
      <class name="ad.testCalculator">
        <test-method signature="emptyStringAnswerNull()[pri:0, instance:ad.testCalculator@10db82ae]" started-at="2021-02-24T23:08:29 IST" name="emptyStringAnswerNull" finished-at="2021-02-24T23:08:29 IST" duration-ms="13" status="PASS">
          <reporter-output>
          </reporter-output>
        </test-method> <!-- emptyStringAnswerNull -->
      </class> <!-- ad.testCalculator -->
    </test> <!-- Default test -->
  </suite> <!-- Default suite -->
</testng-results>
