<?xml version="1.0" encoding="UTF-8"?>
<testng-results ignored="0" total="5" passed="4" failed="1" skipped="0">
  <reporter-output>
  </reporter-output>
  <suite started-at="2021-02-25T18:16:57 IST" name="Default suite" finished-at="2021-02-25T18:16:57 IST" duration-ms="62">
    <groups>
    </groups>
    <test started-at="2021-02-25T18:16:57 IST" name="Default test" finished-at="2021-02-25T18:16:57 IST" duration-ms="62">
      <class name="ad.testCalculator">
        <test-method is-config="true" signature="setup()[pri:0, instance:ad.testCalculator@23986957]" started-at="2021-02-25T18:16:57 IST" name="setup" finished-at="2021-02-25T18:16:57 IST" duration-ms="8" status="PASS">
          <reporter-output>
          </reporter-output>
        </test-method> <!-- setup -->
        <test-method signature="emptyStringAnswerNull()[pri:0, instance:ad.testCalculator@23986957]" started-at="2021-02-25T18:16:57 IST" name="emptyStringAnswerNull" finished-at="2021-02-25T18:16:57 IST" duration-ms="7" status="PASS">
          <reporter-output>
          </reporter-output>
        </test-method> <!-- emptyStringAnswerNull -->
        <test-method signature="multivalueCommaDelimiterAnswer()[pri:0, instance:ad.testCalculator@23986957]" started-at="2021-02-25T18:16:57 IST" name="multivalueCommaDelimiterAnswer" finished-at="2021-02-25T18:16:57 IST" duration-ms="2" status="PASS">
          <reporter-output>
          </reporter-output>
        </test-method> <!-- multivalueCommaDelimiterAnswer -->
        <test-method signature="singleValuedAnswer()[pri:0, instance:ad.testCalculator@23986957]" started-at="2021-02-25T18:16:57 IST" name="singleValuedAnswer" finished-at="2021-02-25T18:16:57 IST" duration-ms="1" status="PASS">
          <reporter-output>
          </reporter-output>
        </test-method> <!-- singleValuedAnswer -->
        <test-method signature="twoValueCommaDelimiterAnswer()[pri:0, instance:ad.testCalculator@23986957]" started-at="2021-02-25T18:16:57 IST" name="twoValueCommaDelimiterAnswer" finished-at="2021-02-25T18:16:57 IST" duration-ms="1" status="PASS">
          <reporter-output>
          </reporter-output>
        </test-method> <!-- twoValueCommaDelimiterAnswer -->
        <test-method signature="twoValueNewLineDelimiterAnswer()[pri:0, instance:ad.testCalculator@23986957]" started-at="2021-02-25T18:16:57 IST" name="twoValueNewLineDelimiterAnswer" finished-at="2021-02-25T18:16:57 IST" duration-ms="2" status="FAIL">
          <exception class="java.lang.NumberFormatException">
            <message>
              <![CDATA[For input string: "1
2"]]>
            </message>
            <full-stacktrace>
              <![CDATA[java.lang.NumberFormatException: For input string: "1
2"
at java.base/java.lang.NumberFormatException.forInputString(NumberFormatException.java:68)
at java.base/java.lang.Integer.parseInt(Integer.java:658)
at java.base/java.lang.Integer.parseInt(Integer.java:776)
at ad.Calculator.strToInt(Calculator.java:31)
at ad.Calculator.getSum(Calculator.java:23)
at ad.Calculator.add(Calculator.java:15)
at ad.testCalculator.twoValueNewLineDelimiterAnswer(testCalculator.java:34)
at java.base/jdk.internal.reflect.NativeMethodAccessorImpl.invoke0(Native Method)
at java.base/jdk.internal.reflect.NativeMethodAccessorImpl.invoke(NativeMethodAccessorImpl.java:62)
at java.base/jdk.internal.reflect.DelegatingMethodAccessorImpl.invoke(DelegatingMethodAccessorImpl.java:43)
at java.base/java.lang.reflect.Method.invoke(Method.java:567)
at org.testng.internal.MethodInvocationHelper.invokeMethod(MethodInvocationHelper.java:132)
at org.testng.internal.TestInvoker.invokeMethod(TestInvoker.java:599)
at org.testng.internal.TestInvoker.invokeTestMethod(TestInvoker.java:174)
at org.testng.internal.MethodRunner.runInSequence(MethodRunner.java:46)
at org.testng.internal.TestInvoker$MethodInvocationAgent.invoke(TestInvoker.java:822)
at org.testng.internal.TestInvoker.invokeTestMethods(TestInvoker.java:147)
at org.testng.internal.TestMethodWorker.invokeTestMethods(TestMethodWorker.java:146)
at org.testng.internal.TestMethodWorker.run(TestMethodWorker.java:128)
at java.base/java.util.ArrayList.forEach(ArrayList.java:1507)
at org.testng.TestRunner.privateRun(TestRunner.java:764)
at org.testng.TestRunner.run(TestRunner.java:585)
at org.testng.SuiteRunner.runTest(SuiteRunner.java:384)
at org.testng.SuiteRunner.runSequentially(SuiteRunner.java:378)
at org.testng.SuiteRunner.privateRun(SuiteRunner.java:337)
at org.testng.SuiteRunner.run(SuiteRunner.java:286)
at org.testng.SuiteRunnerWorker.runSuite(SuiteRunnerWorker.java:53)
at org.testng.SuiteRunnerWorker.run(SuiteRunnerWorker.java:96)
at org.testng.TestNG.runSuitesSequentially(TestNG.java:1218)
at org.testng.TestNG.runSuitesLocally(TestNG.java:1140)
at org.testng.TestNG.runSuites(TestNG.java:1069)
at org.testng.TestNG.run(TestNG.java:1037)
at org.testng.remote.AbstractRemoteTestNG.run(AbstractRemoteTestNG.java:115)
at org.testng.remote.RemoteTestNG.initAndRun(RemoteTestNG.java:251)
at org.testng.remote.RemoteTestNG.main(RemoteTestNG.java:77)
]]>
            </full-stacktrace>
          </exception> <!-- java.lang.NumberFormatException -->
          <reporter-output>
          </reporter-output>
        </test-method> <!-- twoValueNewLineDelimiterAnswer -->
      </class> <!-- ad.testCalculator -->
    </test> <!-- Default test -->
  </suite> <!-- Default suite -->
</testng-results>
