<?xml version="1.0" encoding="UTF-8"?>
<testng-results ignored="0" total="6" passed="6" failed="0" skipped="0">
  <reporter-output>
  </reporter-output>
  <suite started-at="2021-02-26T10:55:06 IST" name="Default suite" finished-at="2021-02-26T10:55:06 IST" duration-ms="107">
    <groups>
    </groups>
    <test started-at="2021-02-26T10:55:06 IST" name="Default test" finished-at="2021-02-26T10:55:06 IST" duration-ms="107">
      <class name="ad.testCalculator">
        <test-method is-config="true" signature="setup()[pri:0, instance:ad.testCalculator@23f7d05d]" started-at="2021-02-26T10:55:06 IST" name="setup" finished-at="2021-02-26T10:55:06 IST" duration-ms="13" status="PASS">
          <reporter-output>
          </reporter-output>
        </test-method> <!-- setup -->
        <test-method signature="emptyStringAnswerNull()[pri:0, instance:ad.testCalculator@23f7d05d]" started-at="2021-02-26T10:55:06 IST" name="emptyStringAnswerNull" finished-at="2021-02-26T10:55:06 IST" duration-ms="10" status="PASS">
          <reporter-output>
          </reporter-output>
        </test-method> <!-- emptyStringAnswerNull -->
        <test-method signature="multivalueCommaDelimiterAnswer()[pri:0, instance:ad.testCalculator@23f7d05d]" started-at="2021-02-26T10:55:06 IST" name="multivalueCommaDelimiterAnswer" finished-at="2021-02-26T10:55:06 IST" duration-ms="22" status="PASS">
          <reporter-output>
          </reporter-output>
        </test-method> <!-- multivalueCommaDelimiterAnswer -->
        <test-method signature="singleValuedAnswer()[pri:0, instance:ad.testCalculator@23f7d05d]" started-at="2021-02-26T10:55:06 IST" name="singleValuedAnswer" finished-at="2021-02-26T10:55:06 IST" duration-ms="2" status="PASS">
          <reporter-output>
          </reporter-output>
        </test-method> <!-- singleValuedAnswer -->
        <test-method signature="supportDifferentDelimeter()[pri:0, instance:ad.testCalculator@23f7d05d]" started-at="2021-02-26T10:55:06 IST" name="supportDifferentDelimeter" finished-at="2021-02-26T10:55:06 IST" duration-ms="1" status="PASS">
          <reporter-output>
          </reporter-output>
        </test-method> <!-- supportDifferentDelimeter -->
        <test-method signature="twoValueCommaDelimiterAnswer()[pri:0, instance:ad.testCalculator@23f7d05d]" started-at="2021-02-26T10:55:06 IST" name="twoValueCommaDelimiterAnswer" finished-at="2021-02-26T10:55:06 IST" duration-ms="2" status="PASS">
          <reporter-output>
          </reporter-output>
        </test-method> <!-- twoValueCommaDelimiterAnswer -->
        <test-method signature="twoValueNewLineDelimiterAnswer()[pri:0, instance:ad.testCalculator@23f7d05d]" started-at="2021-02-26T10:55:06 IST" name="twoValueNewLineDelimiterAnswer" finished-at="2021-02-26T10:55:06 IST" duration-ms="3" status="PASS">
          <reporter-output>
          </reporter-output>
        </test-method> <!-- twoValueNewLineDelimiterAnswer -->
      </class> <!-- ad.testCalculator -->
    </test> <!-- Default test -->
  </suite> <!-- Default suite -->
</testng-results>
