<?xml version="1.0" encoding="UTF-8"?>
<testng-results ignored="0" total="2" passed="2" failed="0" skipped="0">
  <reporter-output>
  </reporter-output>
  <suite started-at="2021-02-24T23:44:55 IST" name="Default suite" finished-at="2021-02-24T23:44:55 IST" duration-ms="54">
    <groups>
    </groups>
    <test started-at="2021-02-24T23:44:55 IST" name="Default test" finished-at="2021-02-24T23:44:55 IST" duration-ms="54">
      <class name="ad.testCalculator">
        <test-method is-config="true" signature="setup()[pri:0, instance:ad.testCalculator@70be0a2b]" started-at="2021-02-24T23:44:55 IST" name="setup" finished-at="2021-02-24T23:44:55 IST" duration-ms="10" status="PASS">
          <reporter-output>
          </reporter-output>
        </test-method> <!-- setup -->
        <test-method signature="emptyStringAnswerNull()[pri:0, instance:ad.testCalculator@70be0a2b]" started-at="2021-02-24T23:44:55 IST" name="emptyStringAnswerNull" finished-at="2021-02-24T23:44:55 IST" duration-ms="7" status="PASS">
          <reporter-output>
          </reporter-output>
        </test-method> <!-- emptyStringAnswerNull -->
        <test-method signature="singleValuedAnswer()[pri:0, instance:ad.testCalculator@70be0a2b]" started-at="2021-02-24T23:44:55 IST" name="singleValuedAnswer" finished-at="2021-02-24T23:44:55 IST" duration-ms="2" status="PASS">
          <reporter-output>
          </reporter-output>
        </test-method> <!-- singleValuedAnswer -->
      </class> <!-- ad.testCalculator -->
    </test> <!-- Default test -->
  </suite> <!-- Default suite -->
</testng-results>
