<?xml version="1.0" encoding="UTF-8"?>
<testng-results ignored="0" total="4" passed="4" failed="0" skipped="0">
  <reporter-output>
  </reporter-output>
  <suite started-at="2021-02-25T12:50:24 IST" name="Default suite" finished-at="2021-02-25T12:50:24 IST" duration-ms="53">
    <groups>
    </groups>
    <test started-at="2021-02-25T12:50:24 IST" name="Default test" finished-at="2021-02-25T12:50:24 IST" duration-ms="53">
      <class name="ad.testCalculator">
        <test-method is-config="true" signature="setup()[pri:0, instance:ad.testCalculator@4c15e7fd]" started-at="2021-02-25T12:50:24 IST" name="setup" finished-at="2021-02-25T12:50:24 IST" duration-ms="9" status="PASS">
          <reporter-output>
          </reporter-output>
        </test-method> <!-- setup -->
        <test-method signature="emptyStringAnswerNull()[pri:0, instance:ad.testCalculator@4c15e7fd]" started-at="2021-02-25T12:50:24 IST" name="emptyStringAnswerNull" finished-at="2021-02-25T12:50:24 IST" duration-ms="7" status="PASS">
          <reporter-output>
          </reporter-output>
        </test-method> <!-- emptyStringAnswerNull -->
        <test-method signature="multivalueCommaDelimiterAnswer()[pri:0, instance:ad.testCalculator@4c15e7fd]" started-at="2021-02-25T12:50:24 IST" name="multivalueCommaDelimiterAnswer" finished-at="2021-02-25T12:50:24 IST" duration-ms="1" status="PASS">
          <reporter-output>
          </reporter-output>
        </test-method> <!-- multivalueCommaDelimiterAnswer -->
        <test-method signature="singleValuedAnswer()[pri:0, instance:ad.testCalculator@4c15e7fd]" started-at="2021-02-25T12:50:24 IST" name="singleValuedAnswer" finished-at="2021-02-25T12:50:24 IST" duration-ms="1" status="PASS">
          <reporter-output>
          </reporter-output>
        </test-method> <!-- singleValuedAnswer -->
        <test-method signature="twoValueCommaDelimiterAnswer()[pri:0, instance:ad.testCalculator@4c15e7fd]" started-at="2021-02-25T12:50:24 IST" name="twoValueCommaDelimiterAnswer" finished-at="2021-02-25T12:50:24 IST" duration-ms="1" status="PASS">
          <reporter-output>
          </reporter-output>
        </test-method> <!-- twoValueCommaDelimiterAnswer -->
      </class> <!-- ad.testCalculator -->
    </test> <!-- Default test -->
  </suite> <!-- Default suite -->
</testng-results>
