<?xml version="1.0" encoding="UTF-8"?>
<testng-results ignored="0" total="7" passed="6" failed="1" skipped="0">
  <reporter-output>
  </reporter-output>
  <suite started-at="2021-02-26T22:36:15 IST" name="Default suite" finished-at="2021-02-26T22:36:15 IST" duration-ms="114">
    <groups>
    </groups>
    <test started-at="2021-02-26T22:36:15 IST" name="Default test" finished-at="2021-02-26T22:36:15 IST" duration-ms="114">
      <class name="ad.testCalculator">
        <test-method is-config="true" signature="setup()[pri:0, instance:ad.testCalculator@7d3a22a9]" started-at="2021-02-26T22:36:15 IST" name="setup" finished-at="2021-02-26T22:36:15 IST" duration-ms="14" status="PASS">
          <reporter-output>
          </reporter-output>
        </test-method> <!-- setup -->
        <test-method signature="emptyStringAnswerNull()[pri:0, instance:ad.testCalculator@7d3a22a9]" started-at="2021-02-26T22:36:15 IST" name="emptyStringAnswerNull" finished-at="2021-02-26T22:36:15 IST" duration-ms="17" status="PASS">
          <reporter-output>
          </reporter-output>
        </test-method> <!-- emptyStringAnswerNull -->
        <test-method signature="multivalueCommaDelimiterAnswer()[pri:0, instance:ad.testCalculator@7d3a22a9]" started-at="2021-02-26T22:36:15 IST" name="multivalueCommaDelimiterAnswer" finished-at="2021-02-26T22:36:15 IST" duration-ms="8" status="PASS">
          <reporter-output>
          </reporter-output>
        </test-method> <!-- multivalueCommaDelimiterAnswer -->
        <test-method signature="singleValuedAnswer()[pri:0, instance:ad.testCalculator@7d3a22a9]" started-at="2021-02-26T22:36:15 IST" name="singleValuedAnswer" finished-at="2021-02-26T22:36:15 IST" duration-ms="2" status="PASS">
          <reporter-output>
          </reporter-output>
        </test-method> <!-- singleValuedAnswer -->
        <test-method signature="supportDifferentDelimeter()[pri:0, instance:ad.testCalculator@7d3a22a9]" started-at="2021-02-26T22:36:15 IST" name="supportDifferentDelimeter" finished-at="2021-02-26T22:36:15 IST" duration-ms="2" status="PASS">
          <reporter-output>
          </reporter-output>
        </test-method> <!-- supportDifferentDelimeter -->
        <test-method signature="throwsOnNegativeNumber()[pri:0, instance:ad.testCalculator@7d3a22a9]" started-at="2021-02-26T22:36:15 IST" name="throwsOnNegativeNumber" finished-at="2021-02-26T22:36:15 IST" duration-ms="2" status="FAIL">
          <exception class="org.testng.TestException">
            <message>
              <![CDATA[
Method testCalculator.throwsOnNegativeNumber()[pri:0, instance:ad.testCalculator@7d3a22a9] should have thrown an exception of type class java.lang.IllegalArgumentException]]>
            </message>
            <full-stacktrace>
              <![CDATA[org.testng.TestException: 
Method testCalculator.throwsOnNegativeNumber()[pri:0, instance:ad.testCalculator@7d3a22a9] should have thrown an exception of type class java.lang.IllegalArgumentException
at org.testng.internal.ExpectedExceptionsHolder.noException(ExpectedExceptionsHolder.java:82)
at org.testng.internal.TestInvoker.considerExceptions(TestInvoker.java:747)
at org.testng.internal.TestInvoker.invokeMethod(TestInvoker.java:635)
at org.testng.internal.TestInvoker.invokeTestMethod(TestInvoker.java:174)
at org.testng.internal.MethodRunner.runInSequence(MethodRunner.java:46)
at org.testng.internal.TestInvoker$MethodInvocationAgent.invoke(TestInvoker.java:822)
at org.testng.internal.TestInvoker.invokeTestMethods(TestInvoker.java:147)
at org.testng.internal.TestMethodWorker.invokeTestMethods(TestMethodWorker.java:146)
at org.testng.internal.TestMethodWorker.run(TestMethodWorker.java:128)
at java.base/java.util.ArrayList.forEach(ArrayList.java:1507)
at org.testng.TestRunner.privateRun(TestRunner.java:764)
at org.testng.TestRunner.run(TestRunner.java:585)
at org.testng.SuiteRunner.runTest(SuiteRunner.java:384)
at org.testng.SuiteRunner.runSequentially(SuiteRunner.java:378)
at org.testng.SuiteRunner.privateRun(SuiteRunner.java:337)
at org.testng.SuiteRunner.run(SuiteRunner.java:286)
at org.testng.SuiteRunnerWorker.runSuite(SuiteRunnerWorker.java:53)
at org.testng.SuiteRunnerWorker.run(SuiteRunnerWorker.java:96)
at org.testng.TestNG.runSuitesSequentially(TestNG.java:1218)
at org.testng.TestNG.runSuitesLocally(TestNG.java:1140)
at org.testng.TestNG.runSuites(TestNG.java:1069)
at org.testng.TestNG.run(TestNG.java:1037)
at org.testng.remote.AbstractRemoteTestNG.run(AbstractRemoteTestNG.java:115)
at org.testng.remote.RemoteTestNG.initAndRun(RemoteTestNG.java:251)
at org.testng.remote.RemoteTestNG.main(RemoteTestNG.java:77)
]]>
            </full-stacktrace>
          </exception> <!-- org.testng.TestException -->
          <reporter-output>
          </reporter-output>
        </test-method> <!-- throwsOnNegativeNumber -->
        <test-method signature="twoValueCommaDelimiterAnswer()[pri:0, instance:ad.testCalculator@7d3a22a9]" started-at="2021-02-26T22:36:15 IST" name="twoValueCommaDelimiterAnswer" finished-at="2021-02-26T22:36:15 IST" duration-ms="2" status="PASS">
          <reporter-output>
          </reporter-output>
        </test-method> <!-- twoValueCommaDelimiterAnswer -->
        <test-method signature="twoValueNewLineDelimiterAnswer()[pri:0, instance:ad.testCalculator@7d3a22a9]" started-at="2021-02-26T22:36:15 IST" name="twoValueNewLineDelimiterAnswer" finished-at="2021-02-26T22:36:15 IST" duration-ms="2" status="PASS">
          <reporter-output>
          </reporter-output>
        </test-method> <!-- twoValueNewLineDelimiterAnswer -->
      </class> <!-- ad.testCalculator -->
    </test> <!-- Default test -->
  </suite> <!-- Default suite -->
</testng-results>
