<?xml version="1.0" encoding="UTF-8"?>
<!-- Generated by org.testng.reporters.JUnitXMLReporter -->
<testsuite ignored="0" hostname="DESKTOP-4N9JI20" failures="0" tests="4" name="Default test" time="0.053" errors="0" timestamp="2021-02-25T12:50:24 IST">
  <testcase classname="ad.testCalculator" name="emptyStringAnswerNull" time="0.007"/>
  <testcase classname="ad.testCalculator" name="multivalueCommaDelimiterAnswer" time="0.001"/>
  <testcase classname="ad.testCalculator" name="singleValuedAnswer" time="0.001"/>
  <testcase classname="ad.testCalculator" name="twoValueCommaDelimiterAnswer" time="0.001"/>
</testsuite> <!-- Default test -->
